<?xml version="1.0" encoding="UTF-8"?>
<!-- Generated by org.testng.reporters.JUnitXMLReporter -->
<testsuite ignored="0" hostname="Banus-Air" failures="0" tests="2" name="Default test" time="11.376" errors="0" timestamp="11 Jul 2024 09:52:13 GMT">
  <testcase classname="com.qa.opencart.tests.InventoryPageTest" name="inventoryPageHeaderTest" time="0.147"/>
  <testcase classname="com.qa.opencart.tests.InventoryPageTest" name="inventoryPageTitleTest" time="0.024"/>
</testsuite> <!-- Default test -->
